<?xml version="1.0" encoding="utf-8"?>
<test-run id="2" name="Generics.Robots.exe" fullname="C:/MyRepo/Generics.Robots1/bin/Debug/Generics.Robots.exe" testcasecount="2" result="Passed" start-time="2018-03-01 16:41:17Z" end-time="2018-03-01 16:41:17Z" duration="0.053362" total="2" passed="2" failed="0" inconclusive="0" skipped="0" asserts="2" random-seed="1723080629">
  <command-line><![CDATA["C:\MyRepo\Generics.Robots1\bin\Debug\Generics.Robots.exe"   ]]></command-line>
  <filter />
  <test-suite type="Assembly" id="1003" name="Generics.Robots.exe" fullname="C:/MyRepo/Generics.Robots1/bin/Debug/Generics.Robots.exe" runstate="Runnable" testcasecount="2" result="Passed" start-time="2018-03-01 16:41:17Z" end-time="2018-03-01 16:41:17Z" duration="0.053362" total="2" passed="2" failed="0" warnings="0" inconclusive="0" skipped="0" asserts="2">
    <environment framework-version="3.6.0.0" clr-version="4.0.30319.42000" os-version="Microsoft Windows NT 6.2.9200.0" platform="Win32NT" cwd="C:\MyRepo\Generics.Robots1\bin\Debug" machine-name="MSK-WS-120" user="aaltukhov" user-domain="INT" culture="ru-RU" uiculture="en-US" os-architecture="x86" />
    <settings>
      <setting name="WorkDirectory" value="C:\MyRepo\Generics.Robots1\bin\Debug" />
      <setting name="NumberOfTestWorkers" value="4" />
    </settings>
    <properties>
      <property name="_PID" value="22684" />
      <property name="_APPDOMAIN" value="Generics.Robots.exe" />
    </properties>
    <test-suite type="TestSuite" id="1004" name="Generics" fullname="Generics" runstate="Runnable" testcasecount="2" result="Passed" start-time="2018-03-01 16:41:17Z" end-time="2018-03-01 16:41:17Z" duration="0.042093" total="2" passed="2" failed="0" warnings="0" inconclusive="0" skipped="0" asserts="2">
      <test-suite type="TestSuite" id="1005" name="Robots" fullname="Generics.Robots" runstate="Runnable" testcasecount="2" result="Passed" start-time="2018-03-01 16:41:17Z" end-time="2018-03-01 16:41:17Z" duration="0.038519" total="2" passed="2" failed="0" warnings="0" inconclusive="0" skipped="0" asserts="2">
        <test-suite type="TestFixture" id="1000" name="Architecture_Should" fullname="Generics.Robots.Architecture_Should" classname="Generics.Robots.Architecture_Should" runstate="Runnable" testcasecount="2" result="Passed" start-time="2018-03-01 16:41:17Z" end-time="2018-03-01 16:41:17Z" duration="0.033299" total="2" passed="2" failed="0" warnings="0" inconclusive="0" skipped="0" asserts="2">
          <test-case id="1002" name="BeCorrectForBuilder" fullname="Generics.Robots.Architecture_Should.BeCorrectForBuilder" methodname="BeCorrectForBuilder" classname="Generics.Robots.Architecture_Should" runstate="Runnable" seed="1105817213" result="Passed" start-time="2018-03-01 16:41:17Z" end-time="2018-03-01 16:41:17Z" duration="0.018057" asserts="1" />
          <test-case id="1001" name="BeCorrectForShooter" fullname="Generics.Robots.Architecture_Should.BeCorrectForShooter" methodname="BeCorrectForShooter" classname="Generics.Robots.Architecture_Should" runstate="Runnable" seed="1336575187" result="Passed" start-time="2018-03-01 16:41:17Z" end-time="2018-03-01 16:41:17Z" duration="0.001225" asserts="1" />
        </test-suite>
      </test-suite>
    </test-suite>
  </test-suite>
</test-run>